<?xml version="1.0" encoding="UTF-8"?>
<coverage generated="1774956010868" clover="3.2.0">
  <project timestamp="1774956010868" name="All files">
    <metrics statements="10" coveredstatements="9" conditionals="12" coveredconditionals="11" methods="2" coveredmethods="2" elements="24" coveredelements="22" complexity="0" loc="10" ncloc="10" packages="2" files="3" classes="3"/>
    <package name="helpers">
      <metrics statements="4" coveredstatements="3" conditionals="2" coveredconditionals="1" methods="1" coveredmethods="1"/>
      <file name="query.helpers.ts" path="C:\Users\Oscar Suarez\Downloads\its-cc-v2-gjbiwsav\src\helpers\query.helpers.ts">
        <metrics statements="4" coveredstatements="3" conditionals="2" coveredconditionals="1" methods="1" coveredmethods="1"/>
        <line num="12" count="1" type="stmt"/>
        <line num="13" count="1" type="cond" truecount="1" falsecount="1"/>
        <line num="14" count="0" type="stmt"/>
        <line num="16" count="1" type="stmt"/>
      </file>
    </package>
    <package name="todo-list.components.todo-form">
      <metrics statements="6" coveredstatements="6" conditionals="10" coveredconditionals="10" methods="1" coveredmethods="1"/>
      <file name="todo-form.html" path="C:\Users\Oscar Suarez\Downloads\its-cc-v2-gjbiwsav\src\todo-list\components\todo-form\todo-form.html">
        <metrics statements="5" coveredstatements="5" conditionals="0" coveredconditionals="0" methods="0" coveredmethods="0"/>
        <line num="1" count="2" type="stmt"/>
        <line num="3" count="2" type="stmt"/>
        <line num="10" count="2" type="stmt"/>
        <line num="15" count="2" type="stmt"/>
        <line num="16" count="2" type="stmt"/>
      </file>
      <file name="todo-form.ts" path="C:\Users\Oscar Suarez\Downloads\its-cc-v2-gjbiwsav\src\todo-list\components\todo-form\todo-form.ts">
        <metrics statements="1" coveredstatements="1" conditionals="10" coveredconditionals="10" methods="1" coveredmethods="1"/>
        <line num="9" count="6" type="cond" truecount="10" falsecount="0"/>
      </file>
    </package>
  </project>
</coverage>
