{"C:\\Users\\Oscar Suarez\\Downloads\\its-cc-v2-gjbiwsav\\src\\helpers\\query.helpers.ts": {"path":"C:\\Users\\Oscar Suarez\\Downloads\\its-cc-v2-gjbiwsav\\src\\helpers\\query.helpers.ts","statementMap":{"0":{"start":{"line":12,"column":15},"end":{"line":12,"column":null}},"1":{"start":{"line":13,"column":4},"end":{"line":15,"column":null}},"2":{"start":{"line":14,"column":8},"end":{"line":14,"column":null}},"3":{"start":{"line":16,"column":4},"end":{"line":16,"column":null}}},"fnMap":{"0":{"name":"getByTestId","decl":{"start":{"line":8,"column":16},"end":{"line":8,"column":null}},"loc":{"start":{"line":10,"column":18},"end":{"line":17,"column":null}},"line":10}},"branchMap":{"0":{"loc":{"start":{"line":13,"column":4},"end":{"line":15,"column":null}},"type":"if","locations":[{"start":{"line":13,"column":4},"end":{"line":15,"column":null}},{"start":{},"end":{}}],"line":13}},"s":{"0":1,"1":1,"2":0,"3":1},"f":{"0":1},"b":{"0":[0,1]},"meta":{"lastBranch":1,"lastFunction":1,"lastStatement":4,"seen":{"f:8:16:8:Infinity":0,"s:12:15:12:Infinity":0,"b:13:4:15:Infinity:undefined:undefined:undefined:undefined":0,"s:13:4:15:Infinity":1,"s:14:8:14:Infinity":2,"s:16:4:16:Infinity":3}}}
,"C:\\Users\\Oscar Suarez\\Downloads\\its-cc-v2-gjbiwsav\\src\\todo-list\\components\\todo-form\\todo-form.html": {"path":"C:\\Users\\Oscar Suarez\\Downloads\\its-cc-v2-gjbiwsav\\src\\todo-list\\components\\todo-form\\todo-form.html","statementMap":{"0":{"start":{"line":1,"column":0},"end":{"line":1,"column":null}},"1":{"start":{"line":3,"column":4},"end":{"line":3,"column":null}},"2":{"start":{"line":10,"column":4},"end":{"line":10,"column":null}},"3":{"start":{"line":15,"column":8},"end":{"line":15,"column":null}},"4":{"start":{"line":16,"column":4},"end":{"line":16,"column":null}}},"fnMap":{},"branchMap":{},"s":{"0":2,"1":2,"2":2,"3":2,"4":2},"f":{},"b":{},"meta":{"lastBranch":0,"lastFunction":0,"lastStatement":5,"seen":{"s:1:0:1:Infinity":0,"s:3:4:3:Infinity":1,"s:10:4:10:Infinity":2,"s:15:8:15:Infinity":3,"s:16:4:16:Infinity":4}}}
,"C:\\Users\\Oscar Suarez\\Downloads\\its-cc-v2-gjbiwsav\\src\\todo-list\\components\\todo-form\\todo-form.ts": {"path":"C:\\Users\\Oscar Suarez\\Downloads\\its-cc-v2-gjbiwsav\\src\\todo-list\\components\\todo-form\\todo-form.ts","statementMap":{"0":{"start":{"line":9,"column":6},"end":{"line":16,"column":null}},"1":{"start":{"line":9,"column":13},"end":{"line":9,"column":null}},"2":{"start":{"line":9,"column":13},"end":{"line":16,"column":null}},"3":{"start":{"line":9,"column":21},"end":{"line":16,"column":null}},"4":{"start":{"line":9,"column":13},"end":{"line":5,"column":null}}},"fnMap":{"0":{"name":"(anonymous_0)","decl":{"start":{"line":9,"column":21},"end":{"line":9,"column":null}},"loc":{"start":{"line":9,"column":21},"end":{"line":16,"column":null}},"line":9}},"branchMap":{"0":{"loc":{"start":{"line":9,"column":13},"end":{"line":9,"column":21}},"type":"binary-expr","locations":[{"start":{"line":9,"column":13},"end":{"line":9,"column":21}},{"start":{"line":9,"column":13},"end":{"line":9,"column":21}}],"line":9},"1":{"loc":{"start":{"line":9,"column":21},"end":{"line":16,"column":null}},"type":"if","locations":[{"start":{"line":9,"column":21},"end":{"line":16,"column":null}},{"start":{},"end":{}}],"line":9},"2":{"loc":{"start":{"line":9,"column":13},"end":{"line":5,"column":null}},"type":"binary-expr","locations":[{"start":{"line":9,"column":13},"end":{"line":9,"column":21}},{"start":{"line":9,"column":13},"end":{"line":9,"column":21}},{"start":{"line":9,"column":13},"end":{"line":5,"column":null}}],"line":9},"3":{"loc":{"start":{"line":9,"column":13},"end":{"line":9,"column":null}},"type":"binary-expr","locations":[{"start":{"line":9,"column":13},"end":{"line":9,"column":21}},{"start":{"line":9,"column":13},"end":{"line":9,"column":21}},{"start":{"line":9,"column":13},"end":{"line":9,"column":null}}],"line":9}},"s":{"0":1,"1":1,"2":1,"3":6,"4":1},"f":{"0":1},"b":{"0":[2,2],"1":[2,4],"2":[1,1,1],"3":[1,1,1]},"meta":{"lastBranch":4,"lastFunction":1,"lastStatement":5,"seen":{"s:9:6:16:Infinity":0,"s:9:13:9:Infinity":1,"b:9:13:9:21:9:13:9:21":0,"s:9:13:16:Infinity":2,"f:9:21:9:Infinity":0,"b:9:21:16:Infinity:undefined:undefined:undefined:undefined":1,"s:9:21:16:Infinity":3,"s:9:13:5:Infinity":4,"b:9:13:9:21:9:13:9:21:9:13:5:Infinity":2,"b:9:13:9:21:9:13:9:21:9:13:9:Infinity":3}}}
}
