{"C:\\Users\\Oscar Suarez\\Downloads\\its-cc-v2-gjbiwsav\\src\\helpers\\query.helpers.ts": {"path":"C:\\Users\\Oscar Suarez\\Downloads\\its-cc-v2-gjbiwsav\\src\\helpers\\query.helpers.ts","statementMap":{"0":{"start":{"line":7,"column":15},"end":{"line":7,"column":null}},"1":{"start":{"line":8,"column":4},"end":{"line":8,"column":null}},"2":{"start":{"line":8,"column":13},"end":{"line":8,"column":null}},"3":{"start":{"line":9,"column":4},"end":{"line":9,"column":null}},"4":{"start":{"line":16,"column":4},"end":{"line":16,"column":null}}},"fnMap":{"0":{"name":"getByTestId","decl":{"start":{"line":3,"column":16},"end":{"line":3,"column":null}},"loc":{"start":{"line":5,"column":18},"end":{"line":10,"column":null}},"line":5},"1":{"name":"getAllByTestId","decl":{"start":{"line":12,"column":16},"end":{"line":12,"column":null}},"loc":{"start":{"line":14,"column":18},"end":{"line":17,"column":null}},"line":14}},"branchMap":{"0":{"loc":{"start":{"line":8,"column":4},"end":{"line":8,"column":null}},"type":"if","locations":[{"start":{"line":8,"column":4},"end":{"line":8,"column":null}},{"start":{},"end":{}}],"line":8}},"s":{"0":11,"1":11,"2":0,"3":11,"4":1},"f":{"0":11,"1":1},"b":{"0":[0,11]},"meta":{"lastBranch":1,"lastFunction":2,"lastStatement":5,"seen":{"f:3:16:3:Infinity":0,"s:7:15:7:Infinity":0,"b:8:4:8:Infinity:undefined:undefined:undefined:undefined":0,"s:8:4:8:Infinity":1,"s:8:13:8:Infinity":2,"s:9:4:9:Infinity":3,"f:12:16:12:Infinity":1,"s:16:4:16:Infinity":4}}}
,"C:\\Users\\Oscar Suarez\\Downloads\\its-cc-v2-gjbiwsav\\src\\todo-app\\todo-app.html": {"path":"C:\\Users\\Oscar Suarez\\Downloads\\its-cc-v2-gjbiwsav\\src\\todo-app\\todo-app.html","statementMap":{"0":{"start":{"line":1,"column":0},"end":{"line":1,"column":15}},"1":{"start":{"line":1,"column":15},"end":{"line":1,"column":null}},"2":{"start":{"line":1,"column":15},"end":{"line":1,"column":37}},"3":{"start":{"line":3,"column":0},"end":{"line":3,"column":null}},"4":{"start":{"line":5,"column":8},"end":{"line":5,"column":null}},"5":{"start":{"line":5,"column":8},"end":{"line":5,"column":42}},"6":{"start":{"line":8,"column":0},"end":{"line":8,"column":null}},"7":{"start":{"line":10,"column":8},"end":{"line":12,"column":null}},"8":{"start":{"line":10,"column":8},"end":{"line":10,"column":40}},"9":{"start":{"line":10,"column":41},"end":{"line":11,"column":48}},"10":{"start":{"line":11,"column":49},"end":{"line":12,"column":32}},"11":{"start":{"line":4,"column":8},"end":{"line":4,"column":null}},"12":{"start":{"line":9,"column":8},"end":{"line":9,"column":null}}},"fnMap":{"0":{"name":"TodoApp_Template_app_todo_form_addTodo_0_listener","decl":{"start":{"line":1,"column":15},"end":{"line":1,"column":26}},"loc":{"start":{"line":1,"column":15},"end":{"line":1,"column":null}},"line":1},"1":{"name":"TodoApp_Template_app_todo_filter_filterChange_1_listener","decl":{"start":{"line":5,"column":8},"end":{"line":5,"column":24}},"loc":{"start":{"line":5,"column":8},"end":{"line":5,"column":null}},"line":5},"2":{"name":"TodoApp_Template_app_todo_list_toggleDone_2_listener","decl":{"start":{"line":10,"column":8},"end":{"line":10,"column":22}},"loc":{"start":{"line":10,"column":8},"end":{"line":10,"column":41}},"line":10},"3":{"name":"TodoApp_Template_app_todo_list_togglePriority_2_listener","decl":{"start":{"line":10,"column":41},"end":{"line":10,"column":null}},"loc":{"start":{"line":10,"column":41},"end":{"line":11,"column":49}},"line":10},"4":{"name":"TodoApp_Template_app_todo_list_delete_2_listener","decl":{"start":{"line":11,"column":49},"end":{"line":11,"column":null}},"loc":{"start":{"line":11,"column":49},"end":{"line":12,"column":null}},"line":11}},"branchMap":{},"s":{"0":8,"1":8,"2":0,"3":8,"4":8,"5":0,"6":8,"7":8,"8":0,"9":0,"10":0,"11":16,"12":16},"f":{"0":0,"1":0,"2":0,"3":0,"4":0},"b":{},"meta":{"lastBranch":0,"lastFunction":5,"lastStatement":13,"seen":{"s:1:0:1:15":0,"s:1:15:1:Infinity":1,"f:1:15:1:26":0,"s:1:15:1:37":2,"s:3:0:3:Infinity":3,"s:5:8:5:Infinity":4,"f:5:8:5:24":1,"s:5:8:5:42":5,"s:8:0:8:Infinity":6,"s:10:8:12:Infinity":7,"f:10:8:10:22":2,"s:10:8:10:40":8,"f:10:41:10:Infinity":3,"s:10:41:11:48":9,"f:11:49:11:Infinity":4,"s:11:49:12:32":10,"s:4:8:4:Infinity":11,"s:9:8:9:Infinity":12}}}
,"C:\\Users\\Oscar Suarez\\Downloads\\its-cc-v2-gjbiwsav\\src\\todo-app\\todo-app.ts": {"path":"C:\\Users\\Oscar Suarez\\Downloads\\its-cc-v2-gjbiwsav\\src\\todo-app\\todo-app.ts","statementMap":{"0":{"start":{"line":14,"column":6},"end":{"line":10,"column":63}},"1":{"start":{"line":15,"column":21},"end":{"line":15,"column":null}},"2":{"start":{"line":16,"column":13},"end":{"line":16,"column":null}},"3":{"start":{"line":17,"column":4},"end":{"line":17,"column":null}},"4":{"start":{"line":19,"column":4},"end":{"line":29,"column":null}},"5":{"start":{"line":20,"column":20},"end":{"line":20,"column":null}},"6":{"start":{"line":21,"column":23},"end":{"line":21,"column":null}},"7":{"start":{"line":22,"column":25},"end":{"line":24,"column":null}},"8":{"start":{"line":22,"column":61},"end":{"line":22,"column":93}},"9":{"start":{"line":23,"column":49},"end":{"line":23,"column":80}},"10":{"start":{"line":25,"column":8},"end":{"line":28,"column":null}},"11":{"start":{"line":26,"column":12},"end":{"line":26,"column":null}},"12":{"start":{"line":26,"column":43},"end":{"line":26,"column":null}},"13":{"start":{"line":27,"column":12},"end":{"line":27,"column":null}},"14":{"start":{"line":32,"column":8},"end":{"line":32,"column":null}},"15":{"start":{"line":36,"column":21},"end":{"line":36,"column":null}},"16":{"start":{"line":37,"column":8},"end":{"line":37,"column":null}},"17":{"start":{"line":37,"column":19},"end":{"line":37,"column":null}},"18":{"start":{"line":38,"column":8},"end":{"line":38,"column":null}},"19":{"start":{"line":42,"column":21},"end":{"line":42,"column":null}},"20":{"start":{"line":43,"column":8},"end":{"line":43,"column":null}},"21":{"start":{"line":43,"column":19},"end":{"line":43,"column":null}},"22":{"start":{"line":44,"column":25},"end":{"line":44,"column":null}},"23":{"start":{"line":45,"column":8},"end":{"line":45,"column":null}},"24":{"start":{"line":49,"column":8},"end":{"line":49,"column":null}},"25":{"start":{"line":14,"column":13},"end":{"line":14,"column":null}},"26":{"start":{"line":14,"column":13},"end":{"line":10,"column":63}},"27":{"start":{"line":14,"column":20},"end":{"line":8,"column":null}},"28":{"start":{"line":14,"column":13},"end":{"line":10,"column":null}}},"fnMap":{"0":{"name":"(anonymous_0)","decl":{"start":{"line":8,"column":0},"end":{"line":8,"column":1}},"loc":{"start":{"line":8,"column":0},"end":{"line":29,"column":null}},"line":8},"1":{"name":"(anonymous_1)","decl":{"start":{"line":19,"column":29},"end":{"line":19,"column":34}},"loc":{"start":{"line":19,"column":34},"end":{"line":29,"column":5}},"line":19},"2":{"name":"(anonymous_2)","decl":{"start":{"line":22,"column":56},"end":{"line":22,"column":61}},"loc":{"start":{"line":22,"column":61},"end":{"line":22,"column":93}},"line":22},"3":{"name":"(anonymous_3)","decl":{"start":{"line":23,"column":44},"end":{"line":23,"column":49}},"loc":{"start":{"line":23,"column":49},"end":{"line":23,"column":80}},"line":23},"4":{"name":"(anonymous_4)","decl":{"start":{"line":25,"column":34},"end":{"line":25,"column":35}},"loc":{"start":{"line":25,"column":43},"end":{"line":28,"column":9}},"line":25},"5":{"name":"(anonymous_5)","decl":{"start":{"line":31,"column":4},"end":{"line":31,"column":8}},"loc":{"start":{"line":31,"column":20},"end":{"line":33,"column":null}},"line":31},"6":{"name":"(anonymous_6)","decl":{"start":{"line":35,"column":4},"end":{"line":35,"column":15}},"loc":{"start":{"line":35,"column":25},"end":{"line":39,"column":null}},"line":35},"7":{"name":"(anonymous_7)","decl":{"start":{"line":41,"column":4},"end":{"line":41,"column":19}},"loc":{"start":{"line":41,"column":29},"end":{"line":46,"column":null}},"line":41},"8":{"name":"(anonymous_8)","decl":{"start":{"line":48,"column":4},"end":{"line":48,"column":11}},"loc":{"start":{"line":48,"column":21},"end":{"line":50,"column":null}},"line":48},"9":{"name":"(anonymous_9)","decl":{"start":{"line":14,"column":20},"end":{"line":14,"column":null}},"loc":{"start":{"line":14,"column":20},"end":{"line":10,"column":24}},"line":14}},"branchMap":{"0":{"loc":{"start":{"line":17,"column":37},"end":{"line":17,"column":null}},"type":"cond-expr","locations":[{"start":{"line":17,"column":37},"end":{"line":17,"column":null}},{"start":{"line":17,"column":37},"end":{"line":17,"column":null}}],"line":17},"1":{"loc":{"start":{"line":22,"column":25},"end":{"line":24,"column":null}},"type":"cond-expr","locations":[{"start":{"line":22,"column":45},"end":{"line":22,"column":null}},{"start":{"line":23,"column":14},"end":{"line":24,"column":null}}],"line":22},"2":{"loc":{"start":{"line":23,"column":14},"end":{"line":24,"column":null}},"type":"cond-expr","locations":[{"start":{"line":23,"column":33},"end":{"line":23,"column":null}},{"start":{"line":24,"column":18},"end":{"line":24,"column":null}}],"line":23},"3":{"loc":{"start":{"line":26,"column":12},"end":{"line":26,"column":null}},"type":"if","locations":[{"start":{"line":26,"column":12},"end":{"line":26,"column":null}},{"start":{},"end":{}}],"line":26},"4":{"loc":{"start":{"line":29,"column":5},"end":{"line":29,"column":null}},"type":"cond-expr","locations":[{"start":{"line":29,"column":5},"end":{"line":29,"column":null}},{"start":{"line":29,"column":5},"end":{"line":29,"column":null}}],"line":29},"5":{"loc":{"start":{"line":37,"column":8},"end":{"line":37,"column":null}},"type":"if","locations":[{"start":{"line":37,"column":8},"end":{"line":37,"column":null}},{"start":{},"end":{}}],"line":37},"6":{"loc":{"start":{"line":43,"column":8},"end":{"line":43,"column":null}},"type":"if","locations":[{"start":{"line":43,"column":8},"end":{"line":43,"column":null}},{"start":{},"end":{}}],"line":43},"7":{"loc":{"start":{"line":44,"column":25},"end":{"line":44,"column":null}},"type":"cond-expr","locations":[{"start":{"line":44,"column":63},"end":{"line":44,"column":82}},{"start":{"line":44,"column":82},"end":{"line":44,"column":null}}],"line":44},"8":{"loc":{"start":{"line":14,"column":13},"end":{"line":14,"column":20}},"type":"binary-expr","locations":[{"start":{"line":14,"column":13},"end":{"line":14,"column":20}},{"start":{"line":14,"column":13},"end":{"line":14,"column":20}}],"line":14},"9":{"loc":{"start":{"line":14,"column":20},"end":{"line":8,"column":null}},"type":"if","locations":[{"start":{"line":14,"column":20},"end":{"line":8,"column":null}},{"start":{},"end":{}}],"line":14},"10":{"loc":{"start":{"line":14,"column":13},"end":{"line":10,"column":null}},"type":"binary-expr","locations":[{"start":{"line":14,"column":13},"end":{"line":14,"column":20}},{"start":{"line":14,"column":13},"end":{"line":14,"column":20}},{"start":{"line":14,"column":13},"end":{"line":10,"column":null}}],"line":14},"11":{"loc":{"start":{"line":14,"column":13},"end":{"line":14,"column":null}},"type":"binary-expr","locations":[{"start":{"line":14,"column":13},"end":{"line":14,"column":20}},{"start":{"line":14,"column":13},"end":{"line":14,"column":20}},{"start":{"line":14,"column":13},"end":{"line":14,"column":null}}],"line":14}},"s":{"0":1,"1":8,"2":8,"3":8,"4":8,"5":12,"6":12,"7":12,"8":2,"9":2,"10":12,"11":2,"12":1,"13":1,"14":11,"15":1,"16":1,"17":0,"18":1,"19":3,"20":3,"21":0,"22":3,"23":3,"24":1,"25":1,"26":1,"27":24,"28":1},"f":{"0":8,"1":12,"2":2,"3":2,"4":2,"5":11,"6":1,"7":3,"8":1,"9":1},"b":{"0":[8,0],"1":[1,11],"2":[1,10],"3":[1,1],"4":[8,0],"5":[0,1],"6":[0,3],"7":[0,3],"8":[8,8],"9":[8,16],"10":[1,1,1],"11":[1,1,1]},"meta":{"lastBranch":12,"lastFunction":10,"lastStatement":29,"seen":{"s:14:6:10:63":0,"f:8:0:8:1":0,"s:15:21:15:Infinity":1,"s:16:13:16:Infinity":2,"s:17:4:17:Infinity":3,"b:17:37:17:Infinity:17:37:17:Infinity":0,"s:19:4:29:Infinity":4,"f:19:29:19:34":1,"s:20:20:20:Infinity":5,"s:21:23:21:Infinity":6,"s:22:25:24:Infinity":7,"b:22:45:22:Infinity:23:14:24:Infinity":1,"f:22:56:22:61":2,"s:22:61:22:93":8,"b:23:33:23:Infinity:24:18:24:Infinity":2,"f:23:44:23:49":3,"s:23:49:23:80":9,"s:25:8:28:Infinity":10,"f:25:34:25:35":4,"b:26:12:26:Infinity:undefined:undefined:undefined:undefined":3,"s:26:12:26:Infinity":11,"s:26:43:26:Infinity":12,"s:27:12:27:Infinity":13,"b:29:5:29:Infinity:29:5:29:Infinity":4,"f:31:4:31:8":5,"s:32:8:32:Infinity":14,"f:35:4:35:15":6,"s:36:21:36:Infinity":15,"b:37:8:37:Infinity:undefined:undefined:undefined:undefined":5,"s:37:8:37:Infinity":16,"s:37:19:37:Infinity":17,"s:38:8:38:Infinity":18,"f:41:4:41:19":7,"s:42:21:42:Infinity":19,"b:43:8:43:Infinity:undefined:undefined:undefined:undefined":6,"s:43:8:43:Infinity":20,"s:43:19:43:Infinity":21,"s:44:25:44:Infinity":22,"b:44:63:44:82:44:82:44:Infinity":7,"s:45:8:45:Infinity":23,"f:48:4:48:11":8,"s:49:8:49:Infinity":24,"s:14:13:14:Infinity":25,"b:14:13:14:20:14:13:14:20":8,"s:14:13:10:63":26,"f:14:20:14:Infinity":9,"b:14:20:8:Infinity:undefined:undefined:undefined:undefined":9,"s:14:20:8:Infinity":27,"s:14:13:10:Infinity":28,"b:14:13:14:20:14:13:14:20:14:13:10:Infinity":10,"b:14:13:14:20:14:13:14:20:14:13:14:Infinity":11}}}
,"C:\\Users\\Oscar Suarez\\Downloads\\its-cc-v2-gjbiwsav\\src\\todo-app\\components\\todo-filter\\todo-filter.html": {"path":"C:\\Users\\Oscar Suarez\\Downloads\\its-cc-v2-gjbiwsav\\src\\todo-app\\components\\todo-filter\\todo-filter.html","statementMap":{"0":{"start":{"line":1,"column":0},"end":{"line":1,"column":null}},"1":{"start":{"line":4,"column":12},"end":{"line":4,"column":null}},"2":{"start":{"line":4,"column":12},"end":{"line":4,"column":45}},"3":{"start":{"line":8,"column":5},"end":{"line":8,"column":null}},"4":{"start":{"line":9,"column":4},"end":{"line":9,"column":null}},"5":{"start":{"line":11,"column":4},"end":{"line":11,"column":32}},"6":{"start":{"line":11,"column":32},"end":{"line":11,"column":33}},"7":{"start":{"line":11,"column":33},"end":{"line":11,"column":null}},"8":{"start":{"line":13,"column":4},"end":{"line":13,"column":null}},"9":{"start":{"line":15,"column":12},"end":{"line":15,"column":null}},"10":{"start":{"line":15,"column":12},"end":{"line":15,"column":46}},"11":{"start":{"line":19,"column":5},"end":{"line":19,"column":null}},"12":{"start":{"line":20,"column":4},"end":{"line":20,"column":null}},"13":{"start":{"line":22,"column":4},"end":{"line":22,"column":32}},"14":{"start":{"line":22,"column":32},"end":{"line":22,"column":33}},"15":{"start":{"line":22,"column":33},"end":{"line":22,"column":null}},"16":{"start":{"line":24,"column":4},"end":{"line":24,"column":null}},"17":{"start":{"line":26,"column":12},"end":{"line":26,"column":null}},"18":{"start":{"line":26,"column":12},"end":{"line":26,"column":45}},"19":{"start":{"line":30,"column":5},"end":{"line":30,"column":null}},"20":{"start":{"line":31,"column":4},"end":{"line":31,"column":null}},"21":{"start":{"line":5,"column":12},"end":{"line":5,"column":55}},"22":{"start":{"line":5,"column":12},"end":{"line":5,"column":null}},"23":{"start":{"line":16,"column":12},"end":{"line":16,"column":56}},"24":{"start":{"line":16,"column":12},"end":{"line":16,"column":null}},"25":{"start":{"line":27,"column":12},"end":{"line":27,"column":55}},"26":{"start":{"line":27,"column":12},"end":{"line":27,"column":null}}},"fnMap":{"0":{"name":"TodoFilterComponent_Template_button_click_1_listener","decl":{"start":{"line":4,"column":12},"end":{"line":4,"column":21}},"loc":{"start":{"line":4,"column":12},"end":{"line":4,"column":null}},"line":4},"1":{"name":"TodoFilterComponent_Template_button_click_5_listener","decl":{"start":{"line":15,"column":12},"end":{"line":15,"column":21}},"loc":{"start":{"line":15,"column":12},"end":{"line":15,"column":null}},"line":15},"2":{"name":"TodoFilterComponent_Template_button_click_9_listener","decl":{"start":{"line":26,"column":12},"end":{"line":26,"column":21}},"loc":{"start":{"line":26,"column":12},"end":{"line":26,"column":null}},"line":26}},"branchMap":{},"s":{"0":12,"1":12,"2":1,"3":12,"4":12,"5":12,"6":12,"7":12,"8":12,"9":12,"10":1,"11":12,"12":12,"13":12,"14":12,"15":12,"16":12,"17":12,"18":1,"19":12,"20":12,"21":24,"22":24,"23":24,"24":24,"25":24,"26":24},"f":{"0":1,"1":1,"2":1},"b":{},"meta":{"lastBranch":0,"lastFunction":3,"lastStatement":27,"seen":{"s:1:0:1:Infinity":0,"s:4:12:4:Infinity":1,"f:4:12:4:21":0,"s:4:12:4:45":2,"s:8:5:8:Infinity":3,"s:9:4:9:Infinity":4,"s:11:4:11:32":5,"s:11:32:11:33":6,"s:11:33:11:Infinity":7,"s:13:4:13:Infinity":8,"s:15:12:15:Infinity":9,"f:15:12:15:21":1,"s:15:12:15:46":10,"s:19:5:19:Infinity":11,"s:20:4:20:Infinity":12,"s:22:4:22:32":13,"s:22:32:22:33":14,"s:22:33:22:Infinity":15,"s:24:4:24:Infinity":16,"s:26:12:26:Infinity":17,"f:26:12:26:21":2,"s:26:12:26:45":18,"s:30:5:30:Infinity":19,"s:31:4:31:Infinity":20,"s:5:12:5:55":21,"s:5:12:5:Infinity":22,"s:16:12:16:56":23,"s:16:12:16:Infinity":24,"s:27:12:27:55":25,"s:27:12:27:Infinity":26}}}
,"C:\\Users\\Oscar Suarez\\Downloads\\its-cc-v2-gjbiwsav\\src\\todo-app\\components\\todo-filter\\todo-filter.ts": {"path":"C:\\Users\\Oscar Suarez\\Downloads\\its-cc-v2-gjbiwsav\\src\\todo-app\\components\\todo-filter\\todo-filter.ts","statementMap":{"0":{"start":{"line":10,"column":6},"end":{"line":27,"column":null}},"1":{"start":{"line":11,"column":4},"end":{"line":11,"column":null}},"2":{"start":{"line":12,"column":4},"end":{"line":12,"column":null}},"3":{"start":{"line":10,"column":13},"end":{"line":10,"column":null}},"4":{"start":{"line":10,"column":13},"end":{"line":27,"column":null}},"5":{"start":{"line":10,"column":32},"end":{"line":31,"column":null}},"6":{"start":{"line":10,"column":13},"end":{"line":7,"column":null}}},"fnMap":{"0":{"name":"(anonymous_0)","decl":{"start":{"line":5,"column":0},"end":{"line":5,"column":1}},"loc":{"start":{"line":5,"column":0},"end":{"line":12,"column":null}},"line":5},"1":{"name":"(anonymous_1)","decl":{"start":{"line":10,"column":32},"end":{"line":10,"column":null}},"loc":{"start":{"line":10,"column":32},"end":{"line":27,"column":null}},"line":10}},"branchMap":{"0":{"loc":{"start":{"line":11,"column":37},"end":{"line":11,"column":null}},"type":"cond-expr","locations":[{"start":{"line":11,"column":37},"end":{"line":11,"column":null}},{"start":{"line":11,"column":37},"end":{"line":11,"column":null}}],"line":11},"1":{"loc":{"start":{"line":10,"column":13},"end":{"line":10,"column":32}},"type":"binary-expr","locations":[{"start":{"line":10,"column":13},"end":{"line":10,"column":32}},{"start":{"line":10,"column":13},"end":{"line":10,"column":32}}],"line":10},"2":{"loc":{"start":{"line":10,"column":32},"end":{"line":31,"column":null}},"type":"if","locations":[{"start":{"line":10,"column":32},"end":{"line":31,"column":null}},{"start":{},"end":{}}],"line":10},"3":{"loc":{"start":{"line":10,"column":13},"end":{"line":7,"column":null}},"type":"binary-expr","locations":[{"start":{"line":10,"column":13},"end":{"line":10,"column":32}},{"start":{"line":10,"column":13},"end":{"line":10,"column":32}},{"start":{"line":10,"column":13},"end":{"line":7,"column":null}}],"line":10},"4":{"loc":{"start":{"line":10,"column":13},"end":{"line":10,"column":null}},"type":"binary-expr","locations":[{"start":{"line":10,"column":13},"end":{"line":10,"column":32}},{"start":{"line":10,"column":13},"end":{"line":10,"column":32}},{"start":{"line":10,"column":13},"end":{"line":10,"column":null}}],"line":10}},"s":{"0":2,"1":12,"2":12,"3":2,"4":2,"5":36,"6":2},"f":{"0":12,"1":2},"b":{"0":[12,0],"1":[12,12],"2":[12,24],"3":[2,2,2],"4":[2,2,2]},"meta":{"lastBranch":5,"lastFunction":2,"lastStatement":7,"seen":{"s:10:6:27:Infinity":0,"f:5:0:5:1":0,"s:11:4:11:Infinity":1,"b:11:37:11:Infinity:11:37:11:Infinity":0,"s:12:4:12:Infinity":2,"s:10:13:10:Infinity":3,"b:10:13:10:32:10:13:10:32":1,"s:10:13:27:Infinity":4,"f:10:32:10:Infinity":1,"b:10:32:31:Infinity:undefined:undefined:undefined:undefined":2,"s:10:32:31:Infinity":5,"s:10:13:7:Infinity":6,"b:10:13:10:32:10:13:10:32:10:13:7:Infinity":3,"b:10:13:10:32:10:13:10:32:10:13:10:Infinity":4}}}
,"C:\\Users\\Oscar Suarez\\Downloads\\its-cc-v2-gjbiwsav\\src\\todo-app\\components\\todo-form\\todo-form.html": {"path":"C:\\Users\\Oscar Suarez\\Downloads\\its-cc-v2-gjbiwsav\\src\\todo-app\\components\\todo-form\\todo-form.html","statementMap":{"0":{"start":{"line":13,"column":12},"end":{"line":13,"column":86}},"1":{"start":{"line":13,"column":86},"end":{"line":13,"column":107}},"2":{"start":{"line":13,"column":107},"end":{"line":13,"column":null}},"3":{"start":{"line":16,"column":12},"end":{"line":16,"column":87}},"4":{"start":{"line":16,"column":87},"end":{"line":16,"column":106}},"5":{"start":{"line":16,"column":106},"end":{"line":16,"column":null}},"6":{"start":{"line":1,"column":0},"end":{"line":1,"column":64}},"7":{"start":{"line":1,"column":64},"end":{"line":1,"column":null}},"8":{"start":{"line":1,"column":64},"end":{"line":1,"column":88}},"9":{"start":{"line":3,"column":4},"end":{"line":3,"column":null}},"10":{"start":{"line":4,"column":8},"end":{"line":4,"column":null}},"11":{"start":{"line":12,"column":8},"end":{"line":12,"column":null}},"12":{"start":{"line":15,"column":8},"end":{"line":15,"column":null}},"13":{"start":{"line":18,"column":4},"end":{"line":18,"column":null}},"14":{"start":{"line":20,"column":4},"end":{"line":20,"column":null}},"15":{"start":{"line":26,"column":8},"end":{"line":26,"column":null}},"16":{"start":{"line":27,"column":4},"end":{"line":27,"column":null}},"17":{"start":{"line":10,"column":16},"end":{"line":10,"column":null}},"18":{"start":{"line":8,"column":16},"end":{"line":8,"column":null}},"19":{"start":{"line":23,"column":12},"end":{"line":23,"column":null}}},"fnMap":{"0":{"name":"TodoForm_Template_form_submit_0_listener","decl":{"start":{"line":1,"column":64},"end":{"line":1,"column":74}},"loc":{"start":{"line":1,"column":64},"end":{"line":1,"column":null}},"line":1}},"branchMap":{"0":{"loc":{"start":{"line":10,"column":16},"end":{"line":10,"column":null}},"type":"binary-expr","locations":[{"start":{"line":10,"column":16},"end":{"line":10,"column":null}},{"start":{"line":10,"column":16},"end":{"line":10,"column":null}}],"line":10},"1":{"loc":{"start":{"line":12,"column":8},"end":{"line":12,"column":null}},"type":"cond-expr","locations":[{"start":{"line":12,"column":8},"end":{"line":12,"column":null}},{"start":{"line":12,"column":8},"end":{"line":12,"column":null}}],"line":12},"2":{"loc":{"start":{"line":15,"column":8},"end":{"line":15,"column":null}},"type":"cond-expr","locations":[{"start":{"line":15,"column":8},"end":{"line":15,"column":null}},{"start":{"line":15,"column":8},"end":{"line":15,"column":null}}],"line":15}},"s":{"0":1,"1":1,"2":1,"3":1,"4":1,"5":1,"6":14,"7":14,"8":2,"9":14,"10":14,"11":39,"12":39,"13":14,"14":14,"15":14,"16":14,"17":39,"18":39,"19":39},"f":{"0":2},"b":{"0":[39,37],"1":[41,41],"2":[41,41]},"meta":{"lastBranch":3,"lastFunction":1,"lastStatement":20,"seen":{"s:13:12:13:86":0,"s:13:86:13:107":1,"s:13:107:13:Infinity":2,"s:16:12:16:87":3,"s:16:87:16:106":4,"s:16:106:16:Infinity":5,"s:1:0:1:64":6,"s:1:64:1:Infinity":7,"f:1:64:1:74":0,"s:1:64:1:88":8,"s:3:4:3:Infinity":9,"s:4:8:4:Infinity":10,"s:12:8:12:Infinity":11,"s:15:8:15:Infinity":12,"s:18:4:18:Infinity":13,"s:20:4:20:Infinity":14,"s:26:8:26:Infinity":15,"s:27:4:27:Infinity":16,"s:10:16:10:Infinity":17,"b:10:16:10:Infinity:10:16:10:Infinity":0,"s:8:16:8:Infinity":18,"b:12:8:12:Infinity:12:8:12:Infinity":1,"b:15:8:15:Infinity:15:8:15:Infinity":2,"s:23:12:23:Infinity":19}}}
,"C:\\Users\\Oscar Suarez\\Downloads\\its-cc-v2-gjbiwsav\\src\\todo-app\\components\\todo-form\\todo-form.ts": {"path":"C:\\Users\\Oscar Suarez\\Downloads\\its-cc-v2-gjbiwsav\\src\\todo-app\\components\\todo-form\\todo-form.ts","statementMap":{"0":{"start":{"line":10,"column":6},"end":{"line":6,"column":34}},"1":{"start":{"line":11,"column":4},"end":{"line":14,"column":null}},"2":{"start":{"line":16,"column":4},"end":{"line":16,"column":null}},"3":{"start":{"line":19,"column":8},"end":{"line":19,"column":null}},"4":{"start":{"line":20,"column":8},"end":{"line":20,"column":null}},"5":{"start":{"line":20,"column":38},"end":{"line":20,"column":null}},"6":{"start":{"line":21,"column":8},"end":{"line":21,"column":null}},"7":{"start":{"line":22,"column":8},"end":{"line":22,"column":null}},"8":{"start":{"line":10,"column":13},"end":{"line":10,"column":null}},"9":{"start":{"line":10,"column":13},"end":{"line":6,"column":34}},"10":{"start":{"line":10,"column":21},"end":{"line":27,"column":null}},"11":{"start":{"line":10,"column":13},"end":{"line":6,"column":null}}},"fnMap":{"0":{"name":"(anonymous_0)","decl":{"start":{"line":4,"column":0},"end":{"line":4,"column":1}},"loc":{"start":{"line":4,"column":0},"end":{"line":16,"column":null}},"line":4},"1":{"name":"(anonymous_1)","decl":{"start":{"line":18,"column":4},"end":{"line":18,"column":11}},"loc":{"start":{"line":18,"column":29},"end":{"line":23,"column":null}},"line":18},"2":{"name":"(anonymous_2)","decl":{"start":{"line":10,"column":21},"end":{"line":10,"column":null}},"loc":{"start":{"line":10,"column":21},"end":{"line":6,"column":33}},"line":10}},"branchMap":{"0":{"loc":{"start":{"line":20,"column":8},"end":{"line":20,"column":null}},"type":"if","locations":[{"start":{"line":20,"column":8},"end":{"line":20,"column":null}},{"start":{},"end":{}}],"line":20},"1":{"loc":{"start":{"line":10,"column":13},"end":{"line":10,"column":21}},"type":"binary-expr","locations":[{"start":{"line":10,"column":13},"end":{"line":10,"column":21}},{"start":{"line":10,"column":13},"end":{"line":10,"column":21}}],"line":10},"2":{"loc":{"start":{"line":10,"column":21},"end":{"line":27,"column":null}},"type":"if","locations":[{"start":{"line":10,"column":21},"end":{"line":27,"column":null}},{"start":{},"end":{}}],"line":10},"3":{"loc":{"start":{"line":10,"column":13},"end":{"line":6,"column":null}},"type":"binary-expr","locations":[{"start":{"line":10,"column":13},"end":{"line":10,"column":21}},{"start":{"line":10,"column":13},"end":{"line":10,"column":21}},{"start":{"line":10,"column":13},"end":{"line":6,"column":null}}],"line":10},"4":{"loc":{"start":{"line":10,"column":13},"end":{"line":10,"column":null}},"type":"binary-expr","locations":[{"start":{"line":10,"column":13},"end":{"line":10,"column":21}},{"start":{"line":10,"column":13},"end":{"line":10,"column":21}},{"start":{"line":10,"column":13},"end":{"line":10,"column":null}}],"line":10}},"s":{"0":2,"1":14,"2":14,"3":2,"4":2,"5":1,"6":1,"7":1,"8":2,"9":2,"10":53,"11":2},"f":{"0":14,"1":2,"2":2},"b":{"0":[1,1],"1":[14,14],"2":[14,39],"3":[2,2,2],"4":[2,2,2]},"meta":{"lastBranch":5,"lastFunction":3,"lastStatement":12,"seen":{"s:10:6:6:34":0,"f:4:0:4:1":0,"s:11:4:14:Infinity":1,"s:16:4:16:Infinity":2,"f:18:4:18:11":1,"s:19:8:19:Infinity":3,"b:20:8:20:Infinity:undefined:undefined:undefined:undefined":0,"s:20:8:20:Infinity":4,"s:20:38:20:Infinity":5,"s:21:8:21:Infinity":6,"s:22:8:22:Infinity":7,"s:10:13:10:Infinity":8,"b:10:13:10:21:10:13:10:21":1,"s:10:13:6:34":9,"f:10:21:10:Infinity":2,"b:10:21:27:Infinity:undefined:undefined:undefined:undefined":2,"s:10:21:27:Infinity":10,"s:10:13:6:Infinity":11,"b:10:13:10:21:10:13:10:21:10:13:6:Infinity":3,"b:10:13:10:21:10:13:10:21:10:13:10:Infinity":4}}}
,"C:\\Users\\Oscar Suarez\\Downloads\\its-cc-v2-gjbiwsav\\src\\todo-app\\components\\todo-list\\todo-list.html": {"path":"C:\\Users\\Oscar Suarez\\Downloads\\its-cc-v2-gjbiwsav\\src\\todo-app\\components\\todo-list\\todo-list.html","statementMap":{"0":{"start":{"line":7,"column":12},"end":{"line":7,"column":null}},"1":{"start":{"line":10,"column":20},"end":{"line":12,"column":null}},"2":{"start":{"line":10,"column":20},"end":{"line":10,"column":31}},"3":{"start":{"line":10,"column":20},"end":{"line":10,"column":56}},"4":{"start":{"line":10,"column":56},"end":{"line":10,"column":null}},"5":{"start":{"line":10,"column":56},"end":{"line":11,"column":67}},"6":{"start":{"line":11,"column":67},"end":{"line":11,"column":null}},"7":{"start":{"line":11,"column":67},"end":{"line":12,"column":null}},"8":{"start":{"line":9,"column":20},"end":{"line":9,"column":null}},"9":{"start":{"line":15,"column":12},"end":{"line":15,"column":null}},"10":{"start":{"line":16,"column":16},"end":{"line":16,"column":null}},"11":{"start":{"line":17,"column":12},"end":{"line":17,"column":null}},"12":{"start":{"line":1,"column":0},"end":{"line":1,"column":null}},"13":{"start":{"line":6,"column":8},"end":{"line":6,"column":15}},"14":{"start":{"line":19,"column":4},"end":{"line":19,"column":null}},"15":{"start":{"line":6,"column":8},"end":{"line":6,"column":null}}},"fnMap":{"0":{"name":"TodoListComponent_For_3_Template_app_todo_list_item_checked_0_listener","decl":{"start":{"line":10,"column":20},"end":{"line":10,"column":31}},"loc":{"start":{"line":10,"column":20},"end":{"line":10,"column":56}},"line":10},"1":{"name":"TodoListComponent_For_3_Template_app_todo_list_item_togglePriority_0_listener","decl":{"start":{"line":10,"column":56},"end":{"line":10,"column":null}},"loc":{"start":{"line":10,"column":56},"end":{"line":11,"column":67}},"line":10},"2":{"name":"TodoListComponent_For_3_Template_app_todo_list_item_delete_0_listener","decl":{"start":{"line":11,"column":67},"end":{"line":11,"column":null}},"loc":{"start":{"line":11,"column":67},"end":{"line":12,"column":null}},"line":11}},"branchMap":{},"s":{"0":6,"1":6,"2":0,"3":0,"4":0,"5":0,"6":0,"7":0,"8":12,"9":9,"10":9,"11":9,"12":11,"13":24,"14":11,"15":24},"f":{"0":0,"1":0,"2":0},"b":{},"meta":{"lastBranch":0,"lastFunction":3,"lastStatement":16,"seen":{"s:7:12:7:Infinity":0,"s:10:20:12:Infinity":1,"f:10:20:10:31":0,"s:10:20:10:31":2,"s:10:20:10:56":3,"f:10:56:10:Infinity":1,"s:10:56:10:Infinity":4,"s:10:56:11:67":5,"f:11:67:11:Infinity":2,"s:11:67:11:Infinity":6,"s:11:67:12:Infinity":7,"s:9:20:9:Infinity":8,"s:15:12:15:Infinity":9,"s:16:16:16:Infinity":10,"s:17:12:17:Infinity":11,"s:1:0:1:Infinity":12,"s:6:8:6:15":13,"s:19:4:19:Infinity":14,"s:6:8:6:Infinity":15}}}
,"C:\\Users\\Oscar Suarez\\Downloads\\its-cc-v2-gjbiwsav\\src\\todo-app\\components\\todo-list\\todo-list.ts": {"path":"C:\\Users\\Oscar Suarez\\Downloads\\its-cc-v2-gjbiwsav\\src\\todo-app\\components\\todo-list\\todo-list.ts","statementMap":{"0":{"start":{"line":10,"column":6},"end":{"line":7,"column":25}},"1":{"start":{"line":11,"column":2},"end":{"line":11,"column":null}},"2":{"start":{"line":12,"column":2},"end":{"line":12,"column":null}},"3":{"start":{"line":13,"column":2},"end":{"line":13,"column":null}},"4":{"start":{"line":14,"column":2},"end":{"line":14,"column":null}},"5":{"start":{"line":10,"column":13},"end":{"line":10,"column":null}},"6":{"start":{"line":10,"column":13},"end":{"line":7,"column":25}},"7":{"start":{"line":10,"column":30},"end":{"line":19,"column":null}},"8":{"start":{"line":10,"column":13},"end":{"line":7,"column":null}}},"fnMap":{"0":{"name":"(anonymous_0)","decl":{"start":{"line":5,"column":0},"end":{"line":5,"column":1}},"loc":{"start":{"line":5,"column":0},"end":{"line":14,"column":null}},"line":5},"1":{"name":"(anonymous_1)","decl":{"start":{"line":10,"column":30},"end":{"line":10,"column":null}},"loc":{"start":{"line":10,"column":30},"end":{"line":7,"column":24}},"line":10}},"branchMap":{"0":{"loc":{"start":{"line":11,"column":24},"end":{"line":11,"column":null}},"type":"cond-expr","locations":[{"start":{"line":11,"column":24},"end":{"line":11,"column":null}},{"start":{"line":11,"column":24},"end":{"line":11,"column":null}}],"line":11},"1":{"loc":{"start":{"line":10,"column":13},"end":{"line":10,"column":30}},"type":"binary-expr","locations":[{"start":{"line":10,"column":13},"end":{"line":10,"column":30}},{"start":{"line":10,"column":13},"end":{"line":10,"column":30}}],"line":10},"2":{"loc":{"start":{"line":10,"column":30},"end":{"line":19,"column":null}},"type":"if","locations":[{"start":{"line":10,"column":30},"end":{"line":19,"column":null}},{"start":{},"end":{}}],"line":10},"3":{"loc":{"start":{"line":10,"column":13},"end":{"line":7,"column":null}},"type":"binary-expr","locations":[{"start":{"line":10,"column":13},"end":{"line":10,"column":30}},{"start":{"line":10,"column":13},"end":{"line":10,"column":30}},{"start":{"line":10,"column":13},"end":{"line":7,"column":null}}],"line":10},"4":{"loc":{"start":{"line":10,"column":13},"end":{"line":10,"column":null}},"type":"binary-expr","locations":[{"start":{"line":10,"column":13},"end":{"line":10,"column":30}},{"start":{"line":10,"column":13},"end":{"line":10,"column":30}},{"start":{"line":10,"column":13},"end":{"line":10,"column":null}}],"line":10}},"s":{"0":2,"1":11,"2":11,"3":11,"4":11,"5":2,"6":2,"7":35,"8":2},"f":{"0":11,"1":2},"b":{"0":[11,0],"1":[11,11],"2":[11,24],"3":[2,2,2],"4":[2,2,2]},"meta":{"lastBranch":5,"lastFunction":2,"lastStatement":9,"seen":{"s:10:6:7:25":0,"f:5:0:5:1":0,"s:11:2:11:Infinity":1,"b:11:24:11:Infinity:11:24:11:Infinity":0,"s:12:2:12:Infinity":2,"s:13:2:13:Infinity":3,"s:14:2:14:Infinity":4,"s:10:13:10:Infinity":5,"b:10:13:10:30:10:13:10:30":1,"s:10:13:7:25":6,"f:10:30:10:Infinity":1,"b:10:30:19:Infinity:undefined:undefined:undefined:undefined":2,"s:10:30:19:Infinity":7,"s:10:13:7:Infinity":8,"b:10:13:10:30:10:13:10:30:10:13:7:Infinity":3,"b:10:13:10:30:10:13:10:30:10:13:10:Infinity":4}}}
,"C:\\Users\\Oscar Suarez\\Downloads\\its-cc-v2-gjbiwsav\\src\\todo-app\\components\\todo-list-item\\todo-list-item.html": {"path":"C:\\Users\\Oscar Suarez\\Downloads\\its-cc-v2-gjbiwsav\\src\\todo-app\\components\\todo-list-item\\todo-list-item.html","statementMap":{"0":{"start":{"line":1,"column":0},"end":{"line":1,"column":null}},"1":{"start":{"line":7,"column":12},"end":{"line":7,"column":null}},"2":{"start":{"line":7,"column":12},"end":{"line":7,"column":36}},"3":{"start":{"line":3,"column":4},"end":{"line":3,"column":null}},"4":{"start":{"line":11,"column":4},"end":{"line":11,"column":null}},"5":{"start":{"line":16,"column":5},"end":{"line":16,"column":22}},"6":{"start":{"line":16,"column":22},"end":{"line":16,"column":null}},"7":{"start":{"line":18,"column":4},"end":{"line":18,"column":null}},"8":{"start":{"line":20,"column":12},"end":{"line":20,"column":null}},"9":{"start":{"line":20,"column":12},"end":{"line":20,"column":42}},"10":{"start":{"line":24,"column":8},"end":{"line":33,"column":null}},"11":{"start":{"line":34,"column":16},"end":{"line":34,"column":null}},"12":{"start":{"line":35,"column":12},"end":{"line":36,"column":null}},"13":{"start":{"line":39,"column":4},"end":{"line":39,"column":null}},"14":{"start":{"line":41,"column":12},"end":{"line":41,"column":null}},"15":{"start":{"line":41,"column":12},"end":{"line":41,"column":34}},"16":{"start":{"line":44,"column":5},"end":{"line":44,"column":null}},"17":{"start":{"line":45,"column":4},"end":{"line":45,"column":null}},"18":{"start":{"line":6,"column":12},"end":{"line":6,"column":null}},"19":{"start":{"line":14,"column":12},"end":{"line":14,"column":46}},"20":{"start":{"line":14,"column":12},"end":{"line":14,"column":null}},"21":{"start":{"line":22,"column":12},"end":{"line":22,"column":null}},"22":{"start":{"line":31,"column":16},"end":{"line":31,"column":null}}},"fnMap":{"0":{"name":"TodoListItem_Template_input_change_1_listener","decl":{"start":{"line":7,"column":12},"end":{"line":7,"column":22}},"loc":{"start":{"line":7,"column":12},"end":{"line":7,"column":null}},"line":7},"1":{"name":"TodoListItem_Template_button_click_4_listener","decl":{"start":{"line":20,"column":12},"end":{"line":20,"column":21}},"loc":{"start":{"line":20,"column":12},"end":{"line":20,"column":null}},"line":20},"2":{"name":"TodoListItem_Template_button_click_9_listener","decl":{"start":{"line":41,"column":12},"end":{"line":41,"column":21}},"loc":{"start":{"line":41,"column":12},"end":{"line":41,"column":null}},"line":41}},"branchMap":{"0":{"loc":{"start":{"line":22,"column":12},"end":{"line":22,"column":null}},"type":"cond-expr","locations":[{"start":{"line":22,"column":12},"end":{"line":22,"column":null}},{"start":{"line":22,"column":12},"end":{"line":22,"column":null}}],"line":22},"1":{"loc":{"start":{"line":31,"column":16},"end":{"line":31,"column":null}},"type":"cond-expr","locations":[{"start":{"line":31,"column":16},"end":{"line":31,"column":null}},{"start":{"line":31,"column":16},"end":{"line":31,"column":null}}],"line":31}},"s":{"0":10,"1":10,"2":1,"3":10,"4":10,"5":20,"6":10,"7":10,"8":10,"9":1,"10":10,"11":10,"12":10,"13":10,"14":10,"15":1,"16":10,"17":10,"18":20,"19":20,"20":20,"21":20,"22":20},"f":{"0":1,"1":1,"2":1},"b":{"0":[6,14],"1":[6,14]},"meta":{"lastBranch":2,"lastFunction":3,"lastStatement":23,"seen":{"s:1:0:1:Infinity":0,"s:7:12:7:Infinity":1,"f:7:12:7:22":0,"s:7:12:7:36":2,"s:3:4:3:Infinity":3,"s:11:4:11:Infinity":4,"s:16:5:16:22":5,"s:16:22:16:Infinity":6,"s:18:4:18:Infinity":7,"s:20:12:20:Infinity":8,"f:20:12:20:21":1,"s:20:12:20:42":9,"s:24:8:33:Infinity":10,"s:34:16:34:Infinity":11,"s:35:12:36:Infinity":12,"s:39:4:39:Infinity":13,"s:41:12:41:Infinity":14,"f:41:12:41:21":2,"s:41:12:41:34":15,"s:44:5:44:Infinity":16,"s:45:4:45:Infinity":17,"s:6:12:6:Infinity":18,"s:14:12:14:46":19,"s:14:12:14:Infinity":20,"s:22:12:22:Infinity":21,"b:22:12:22:Infinity:22:12:22:Infinity":0,"s:31:16:31:Infinity":22,"b:31:16:31:Infinity:31:16:31:Infinity":1}}}
,"C:\\Users\\Oscar Suarez\\Downloads\\its-cc-v2-gjbiwsav\\src\\todo-app\\components\\todo-list-item\\todo-list-item.ts": {"path":"C:\\Users\\Oscar Suarez\\Downloads\\its-cc-v2-gjbiwsav\\src\\todo-app\\components\\todo-list-item\\todo-list-item.ts","statementMap":{"0":{"start":{"line":10,"column":6},"end":{"line":31,"column":null}},"1":{"start":{"line":11,"column":4},"end":{"line":11,"column":null}},"2":{"start":{"line":12,"column":4},"end":{"line":12,"column":null}},"3":{"start":{"line":13,"column":4},"end":{"line":13,"column":null}},"4":{"start":{"line":14,"column":4},"end":{"line":14,"column":null}},"5":{"start":{"line":16,"column":13},"end":{"line":16,"column":null}},"6":{"start":{"line":10,"column":13},"end":{"line":10,"column":null}},"7":{"start":{"line":10,"column":13},"end":{"line":31,"column":null}},"8":{"start":{"line":10,"column":25},"end":{"line":45,"column":null}},"9":{"start":{"line":10,"column":13},"end":{"line":6,"column":null}}},"fnMap":{"0":{"name":"(anonymous_0)","decl":{"start":{"line":4,"column":0},"end":{"line":4,"column":1}},"loc":{"start":{"line":4,"column":0},"end":{"line":16,"column":null}},"line":4},"1":{"name":"(anonymous_1)","decl":{"start":{"line":10,"column":25},"end":{"line":10,"column":null}},"loc":{"start":{"line":10,"column":25},"end":{"line":31,"column":null}},"line":10}},"branchMap":{"0":{"loc":{"start":{"line":11,"column":25},"end":{"line":11,"column":null}},"type":"cond-expr","locations":[{"start":{"line":11,"column":25},"end":{"line":11,"column":null}},{"start":{"line":11,"column":25},"end":{"line":11,"column":null}}],"line":11},"1":{"loc":{"start":{"line":10,"column":13},"end":{"line":10,"column":25}},"type":"binary-expr","locations":[{"start":{"line":10,"column":13},"end":{"line":10,"column":25}},{"start":{"line":10,"column":13},"end":{"line":10,"column":25}}],"line":10},"2":{"loc":{"start":{"line":10,"column":25},"end":{"line":45,"column":null}},"type":"if","locations":[{"start":{"line":10,"column":25},"end":{"line":45,"column":null}},{"start":{},"end":{}}],"line":10},"3":{"loc":{"start":{"line":10,"column":13},"end":{"line":6,"column":null}},"type":"binary-expr","locations":[{"start":{"line":10,"column":13},"end":{"line":10,"column":25}},{"start":{"line":10,"column":13},"end":{"line":10,"column":25}},{"start":{"line":10,"column":13},"end":{"line":6,"column":null}}],"line":10},"4":{"loc":{"start":{"line":10,"column":13},"end":{"line":10,"column":null}},"type":"binary-expr","locations":[{"start":{"line":10,"column":13},"end":{"line":10,"column":25}},{"start":{"line":10,"column":13},"end":{"line":10,"column":25}},{"start":{"line":10,"column":13},"end":{"line":10,"column":null}}],"line":10}},"s":{"0":3,"1":10,"2":10,"3":10,"4":10,"5":10,"6":3,"7":3,"8":30,"9":3},"f":{"0":10,"1":3},"b":{"0":[10,0],"1":[10,10],"2":[10,20],"3":[3,3,3],"4":[3,3,3]},"meta":{"lastBranch":5,"lastFunction":2,"lastStatement":10,"seen":{"s:10:6:31:Infinity":0,"f:4:0:4:1":0,"s:11:4:11:Infinity":1,"b:11:25:11:Infinity:11:25:11:Infinity":0,"s:12:4:12:Infinity":2,"s:13:4:13:Infinity":3,"s:14:4:14:Infinity":4,"s:16:13:16:Infinity":5,"s:10:13:10:Infinity":6,"b:10:13:10:25:10:13:10:25":1,"s:10:13:31:Infinity":7,"f:10:25:10:Infinity":1,"b:10:25:45:Infinity:undefined:undefined:undefined:undefined":2,"s:10:25:45:Infinity":8,"s:10:13:6:Infinity":9,"b:10:13:10:25:10:13:10:25:10:13:6:Infinity":3,"b:10:13:10:25:10:13:10:25:10:13:10:Infinity":4}}}
,"C:\\Users\\Oscar Suarez\\Downloads\\its-cc-v2-gjbiwsav\\src\\todo-app\\models\\todo.model.ts": {"path":"C:\\Users\\Oscar Suarez\\Downloads\\its-cc-v2-gjbiwsav\\src\\todo-app\\models\\todo.model.ts","statementMap":{"0":{"start":{"line":9,"column":0},"end":{"line":9,"column":null}},"1":{"start":{"line":10,"column":4},"end":{"line":10,"column":null}},"2":{"start":{"line":11,"column":4},"end":{"line":11,"column":null}}},"fnMap":{"0":{"name":"(anonymous_0)","decl":{"start":{"line":9,"column":0},"end":{"line":9,"column":12}},"loc":{"start":{"line":9,"column":24},"end":{"line":12,"column":null}},"line":9}},"branchMap":{"0":{"loc":{"start":{"line":9,"column":12},"end":{"line":9,"column":null}},"type":"binary-expr","locations":[{"start":{"line":9,"column":12},"end":{"line":9,"column":24}},{"start":{"line":9,"column":12},"end":{"line":9,"column":null}}],"line":9}},"s":{"0":3,"1":3,"2":3},"f":{"0":3},"b":{"0":[3,3]},"meta":{"lastBranch":1,"lastFunction":1,"lastStatement":3,"seen":{"s:9:0:9:Infinity":0,"f:9:0:9:12":0,"s:10:4:10:Infinity":1,"s:11:4:11:Infinity":2,"b:9:12:9:24:9:12:9:Infinity":0}}}
,"C:\\Users\\Oscar Suarez\\Downloads\\its-cc-v2-gjbiwsav\\src\\todo-app\\services\\todo.service.ts": {"path":"C:\\Users\\Oscar Suarez\\Downloads\\its-cc-v2-gjbiwsav\\src\\todo-app\\services\\todo.service.ts","statementMap":{"0":{"start":{"line":7,"column":6},"end":{"line":5,"column":null}},"1":{"start":{"line":8,"column":21},"end":{"line":8,"column":null}},"2":{"start":{"line":9,"column":20},"end":{"line":9,"column":null}},"3":{"start":{"line":12,"column":8},"end":{"line":12,"column":null}},"4":{"start":{"line":12,"column":41},"end":{"line":12,"column":52}},"5":{"start":{"line":16,"column":14},"end":{"line":16,"column":null}},"6":{"start":{"line":17,"column":32},"end":{"line":17,"column":null}},"7":{"start":{"line":18,"column":8},"end":{"line":18,"column":null}},"8":{"start":{"line":18,"column":35},"end":{"line":18,"column":50}},"9":{"start":{"line":19,"column":8},"end":{"line":19,"column":null}},"10":{"start":{"line":24,"column":8},"end":{"line":28,"column":null}},"11":{"start":{"line":24,"column":35},"end":{"line":28,"column":10}},"12":{"start":{"line":25,"column":12},"end":{"line":25,"column":null}},"13":{"start":{"line":25,"column":29},"end":{"line":25,"column":null}},"14":{"start":{"line":26,"column":12},"end":{"line":26,"column":null}},"15":{"start":{"line":27,"column":12},"end":{"line":27,"column":null}},"16":{"start":{"line":29,"column":8},"end":{"line":29,"column":null}},"17":{"start":{"line":29,"column":22},"end":{"line":29,"column":null}},"18":{"start":{"line":30,"column":8},"end":{"line":30,"column":null}},"19":{"start":{"line":34,"column":23},"end":{"line":34,"column":null}},"20":{"start":{"line":34,"column":47},"end":{"line":34,"column":58}},"21":{"start":{"line":35,"column":8},"end":{"line":35,"column":null}},"22":{"start":{"line":35,"column":21},"end":{"line":35,"column":null}},"23":{"start":{"line":36,"column":8},"end":{"line":36,"column":null}},"24":{"start":{"line":36,"column":35},"end":{"line":36,"column":64}},"25":{"start":{"line":36,"column":52},"end":{"line":36,"column":63}},"26":{"start":{"line":7,"column":13},"end":{"line":7,"column":null}},"27":{"start":{"line":7,"column":13},"end":{"line":5,"column":null}},"28":{"start":{"line":7,"column":13},"end":{"line":6,"column":null}}},"fnMap":{"0":{"name":"(anonymous_0)","decl":{"start":{"line":4,"column":0},"end":{"line":4,"column":1}},"loc":{"start":{"line":4,"column":0},"end":{"line":9,"column":null}},"line":4},"1":{"name":"(anonymous_1)","decl":{"start":{"line":11,"column":4},"end":{"line":11,"column":12}},"loc":{"start":{"line":11,"column":22},"end":{"line":13,"column":null}},"line":11},"2":{"name":"(anonymous_2)","decl":{"start":{"line":12,"column":34},"end":{"line":12,"column":35}},"loc":{"start":{"line":12,"column":41},"end":{"line":12,"column":52}},"line":12},"3":{"name":"(anonymous_3)","decl":{"start":{"line":15,"column":4},"end":{"line":15,"column":8}},"loc":{"start":{"line":15,"column":63},"end":{"line":20,"column":null}},"line":15},"4":{"name":"(anonymous_4)","decl":{"start":{"line":18,"column":27},"end":{"line":18,"column":35}},"loc":{"start":{"line":18,"column":35},"end":{"line":18,"column":50}},"line":18},"5":{"name":"(anonymous_5)","decl":{"start":{"line":22,"column":4},"end":{"line":22,"column":11}},"loc":{"start":{"line":22,"column":62},"end":{"line":31,"column":null}},"line":22},"6":{"name":"(anonymous_6)","decl":{"start":{"line":24,"column":27},"end":{"line":24,"column":35}},"loc":{"start":{"line":24,"column":35},"end":{"line":28,"column":10}},"line":24},"7":{"name":"(anonymous_7)","decl":{"start":{"line":24,"column":44},"end":{"line":24,"column":48}},"loc":{"start":{"line":24,"column":48},"end":{"line":28,"column":9}},"line":24},"8":{"name":"(anonymous_8)","decl":{"start":{"line":33,"column":4},"end":{"line":33,"column":11}},"loc":{"start":{"line":33,"column":21},"end":{"line":37,"column":null}},"line":33},"9":{"name":"(anonymous_9)","decl":{"start":{"line":34,"column":42},"end":{"line":34,"column":47}},"loc":{"start":{"line":34,"column":47},"end":{"line":34,"column":58}},"line":34},"10":{"name":"(anonymous_10)","decl":{"start":{"line":36,"column":27},"end":{"line":36,"column":35}},"loc":{"start":{"line":36,"column":35},"end":{"line":36,"column":64}},"line":36},"11":{"name":"(anonymous_11)","decl":{"start":{"line":36,"column":47},"end":{"line":36,"column":52}},"loc":{"start":{"line":36,"column":52},"end":{"line":36,"column":63}},"line":36}},"branchMap":{"0":{"loc":{"start":{"line":8,"column":52},"end":{"line":8,"column":null}},"type":"cond-expr","locations":[{"start":{"line":8,"column":52},"end":{"line":8,"column":null}},{"start":{"line":8,"column":52},"end":{"line":8,"column":null}}],"line":8},"1":{"loc":{"start":{"line":15,"column":22},"end":{"line":15,"column":63}},"type":"default-arg","locations":[{"start":{"line":15,"column":47},"end":{"line":15,"column":63}}],"line":15},"2":{"loc":{"start":{"line":25,"column":12},"end":{"line":25,"column":null}},"type":"if","locations":[{"start":{"line":25,"column":12},"end":{"line":25,"column":null}},{"start":{},"end":{}}],"line":25},"3":{"loc":{"start":{"line":29,"column":8},"end":{"line":29,"column":null}},"type":"if","locations":[{"start":{"line":29,"column":8},"end":{"line":29,"column":null}},{"start":{},"end":{}}],"line":29},"4":{"loc":{"start":{"line":35,"column":8},"end":{"line":35,"column":null}},"type":"if","locations":[{"start":{"line":35,"column":8},"end":{"line":35,"column":null}},{"start":{},"end":{}}],"line":35},"5":{"loc":{"start":{"line":7,"column":13},"end":{"line":7,"column":24}},"type":"binary-expr","locations":[{"start":{"line":7,"column":13},"end":{"line":7,"column":24}},{"start":{"line":7,"column":13},"end":{"line":7,"column":24}}],"line":7},"6":{"loc":{"start":{"line":7,"column":13},"end":{"line":6,"column":null}},"type":"binary-expr","locations":[{"start":{"line":7,"column":13},"end":{"line":7,"column":24}},{"start":{"line":7,"column":13},"end":{"line":7,"column":24}},{"start":{"line":7,"column":13},"end":{"line":6,"column":null}}],"line":7}},"s":{"0":2,"1":16,"2":16,"3":4,"4":7,"5":17,"6":17,"7":17,"8":17,"9":17,"10":8,"11":8,"12":11,"13":4,"14":7,"15":7,"16":8,"17":1,"18":7,"19":3,"20":2,"21":3,"22":1,"23":2,"24":2,"25":2,"26":16,"27":2,"28":2},"f":{"0":16,"1":4,"2":7,"3":17,"4":17,"5":8,"6":8,"7":11,"8":3,"9":2,"10":2,"11":2},"b":{"0":[16,0],"1":[17],"2":[4,7],"3":[1,7],"4":[1,2],"5":[16,16],"6":[2,2,2]},"meta":{"lastBranch":7,"lastFunction":12,"lastStatement":29,"seen":{"s:7:6:5:Infinity":0,"f:4:0:4:1":0,"s:8:21:8:Infinity":1,"b:8:52:8:Infinity:8:52:8:Infinity":0,"s:9:20:9:Infinity":2,"f:11:4:11:12":1,"s:12:8:12:Infinity":3,"f:12:34:12:35":2,"s:12:41:12:52":4,"f:15:4:15:8":3,"b:15:47:15:63":1,"s:16:14:16:Infinity":5,"s:17:32:17:Infinity":6,"s:18:8:18:Infinity":7,"f:18:27:18:35":4,"s:18:35:18:50":8,"s:19:8:19:Infinity":9,"f:22:4:22:11":5,"s:24:8:28:Infinity":10,"f:24:27:24:35":6,"s:24:35:28:10":11,"f:24:44:24:48":7,"b:25:12:25:Infinity:undefined:undefined:undefined:undefined":2,"s:25:12:25:Infinity":12,"s:25:29:25:Infinity":13,"s:26:12:26:Infinity":14,"s:27:12:27:Infinity":15,"b:29:8:29:Infinity:undefined:undefined:undefined:undefined":3,"s:29:8:29:Infinity":16,"s:29:22:29:Infinity":17,"s:30:8:30:Infinity":18,"f:33:4:33:11":8,"s:34:23:34:Infinity":19,"f:34:42:34:47":9,"s:34:47:34:58":20,"b:35:8:35:Infinity:undefined:undefined:undefined:undefined":4,"s:35:8:35:Infinity":21,"s:35:21:35:Infinity":22,"s:36:8:36:Infinity":23,"f:36:27:36:35":10,"s:36:35:36:64":24,"f:36:47:36:52":11,"s:36:52:36:63":25,"s:7:13:7:Infinity":26,"b:7:13:7:24:7:13:7:24":5,"s:7:13:5:Infinity":27,"s:7:13:6:Infinity":28,"b:7:13:7:24:7:13:7:24:7:13:6:Infinity":6}}}
}
